2012-03-11 15:14:16 Error: [MissingViewException] View file "C:\xampp\htdocs\listaprecios\View\TiposClientes\index.ctp" is missing.
#0 C:\xampp\htdocs\Cake\lib\Cake\View\View.php(460): View->_getViewFileName(NULL)
#1 C:\xampp\htdocs\Cake\lib\Cake\Controller\Controller.php(962): View->render(NULL, NULL)
#2 C:\xampp\htdocs\Cake\lib\Cake\Routing\Dispatcher.php(110): Controller->render()
#3 C:\xampp\htdocs\Cake\lib\Cake\Routing\Dispatcher.php(85): Dispatcher->_invoke(Object(TiposClientesController), Object(CakeRequest), Object(CakeResponse))
#4 C:\xampp\htdocs\listaprecios\webroot\index.php(98): Dispatcher->dispatch(Object(CakeRequest), Object(CakeResponse))
#5 {main}
2012-03-11 15:15:09 Error: [PDOException] SQLSTATE[42S22]: Column not found: 1054 Unknown column 'TiposClientesTiposLista.tipos_lista_id' in 'on clause'
#0 C:\xampp\htdocs\Cake\lib\Cake\Model\Datasource\DboSource.php(436): PDOStatement->execute(Array)
#1 C:\xampp\htdocs\Cake\lib\Cake\Model\Datasource\DboSource.php(403): DboSource->_execute('SELECT `TiposCl...', Array)
#2 C:\xampp\htdocs\Cake\lib\Cake\Model\Datasource\DboSource.php(646): DboSource->execute('SELECT `TiposCl...', Array, Array)
#3 C:\xampp\htdocs\Cake\lib\Cake\Model\Datasource\DboSource.php(1218): DboSource->fetchAll('SELECT `TiposCl...', false)
#4 C:\xampp\htdocs\Cake\lib\Cake\Model\Datasource\DboSource.php(1086): DboSource->queryAssociation(Object(TiposLista), Object(TiposCliente), 'hasAndBelongsTo...', 'TiposCliente', Array, Array, true, Array, 0, Array)
#5 C:\xampp\htdocs\Cake\lib\Cake\Model\Model.php(2635): DboSource->read(Object(TiposLista), Array)
#6 C:\xampp\htdocs\Cake\lib\Cake\Model\Model.php(1491): Model->find('first', Array)
#7 C:\xampp\htdocs\listaprecios\Controller\TiposListasController.php(32): Model->read(NULL, '1')
#8 [internal function]: TiposListasController->view('1')
#9 C:\xampp\htdocs\Cake\lib\Cake\Controller\Controller.php(488): ReflectionMethod->invokeArgs(Object(TiposListasController), Array)
#10 C:\xampp\htdocs\Cake\lib\Cake\Routing\Dispatcher.php(103): Controller->invokeAction(Object(CakeRequest))
#11 C:\xampp\htdocs\Cake\lib\Cake\Routing\Dispatcher.php(85): Dispatcher->_invoke(Object(TiposListasController), Object(CakeRequest), Object(CakeResponse))
#12 C:\xampp\htdocs\listaprecios\webroot\index.php(98): Dispatcher->dispatch(Object(CakeRequest), Object(CakeResponse))
#13 {main}
2012-03-11 15:15:24 Error: [PDOException] SQLSTATE[42S22]: Column not found: 1054 Unknown column 'TiposClientesTiposLista.tipos_lista_id' in 'on clause'
#0 C:\xampp\htdocs\Cake\lib\Cake\Model\Datasource\DboSource.php(436): PDOStatement->execute(Array)
#1 C:\xampp\htdocs\Cake\lib\Cake\Model\Datasource\DboSource.php(403): DboSource->_execute('SELECT `TiposCl...', Array)
#2 C:\xampp\htdocs\Cake\lib\Cake\Model\Datasource\DboSource.php(646): DboSource->execute('SELECT `TiposCl...', Array, Array)
#3 C:\xampp\htdocs\Cake\lib\Cake\Model\Datasource\DboSource.php(1218): DboSource->fetchAll('SELECT `TiposCl...', false)
#4 C:\xampp\htdocs\Cake\lib\Cake\Model\Datasource\DboSource.php(1086): DboSource->queryAssociation(Object(TiposLista), Object(TiposCliente), 'hasAndBelongsTo...', 'TiposCliente', Array, Array, true, Array, 0, Array)
#5 C:\xampp\htdocs\Cake\lib\Cake\Model\Model.php(2635): DboSource->read(Object(TiposLista), Array)
#6 C:\xampp\htdocs\Cake\lib\Cake\Model\Model.php(1491): Model->find('first', Array)
#7 C:\xampp\htdocs\listaprecios\Controller\TiposListasController.php(73): Model->read(NULL, '1')
#8 [internal function]: TiposListasController->edit('1')
#9 C:\xampp\htdocs\Cake\lib\Cake\Controller\Controller.php(488): ReflectionMethod->invokeArgs(Object(TiposListasController), Array)
#10 C:\xampp\htdocs\Cake\lib\Cake\Routing\Dispatcher.php(103): Controller->invokeAction(Object(CakeRequest))
#11 C:\xampp\htdocs\Cake\lib\Cake\Routing\Dispatcher.php(85): Dispatcher->_invoke(Object(TiposListasController), Object(CakeRequest), Object(CakeResponse))
#12 C:\xampp\htdocs\listaprecios\webroot\index.php(98): Dispatcher->dispatch(Object(CakeRequest), Object(CakeResponse))
#13 {main}
2012-03-11 15:18:35 Error: [PDOException] SQLSTATE[42S22]: Column not found: 1054 Unknown column 'TiposClientesTiposLista.tipos_lista_id' in 'on clause'
#0 C:\xampp\htdocs\Cake\lib\Cake\Model\Datasource\DboSource.php(436): PDOStatement->execute(Array)
#1 C:\xampp\htdocs\Cake\lib\Cake\Model\Datasource\DboSource.php(403): DboSource->_execute('SELECT `TiposCl...', Array)
#2 C:\xampp\htdocs\Cake\lib\Cake\Model\Datasource\DboSource.php(646): DboSource->execute('SELECT `TiposCl...', Array, Array)
#3 C:\xampp\htdocs\Cake\lib\Cake\Model\Datasource\DboSource.php(1218): DboSource->fetchAll('SELECT `TiposCl...', false)
#4 C:\xampp\htdocs\Cake\lib\Cake\Model\Datasource\DboSource.php(1086): DboSource->queryAssociation(Object(TiposLista), Object(TiposCliente), 'hasAndBelongsTo...', 'TiposCliente', Array, Array, true, Array, 0, Array)
#5 C:\xampp\htdocs\Cake\lib\Cake\Model\Model.php(2635): DboSource->read(Object(TiposLista), Array)
#6 C:\xampp\htdocs\Cake\lib\Cake\Model\Model.php(1491): Model->find('first', Array)
#7 C:\xampp\htdocs\listaprecios\Controller\TiposListasController.php(73): Model->read(NULL, '1')
#8 [internal function]: TiposListasController->edit('1')
#9 C:\xampp\htdocs\Cake\lib\Cake\Controller\Controller.php(488): ReflectionMethod->invokeArgs(Object(TiposListasController), Array)
#10 C:\xampp\htdocs\Cake\lib\Cake\Routing\Dispatcher.php(103): Controller->invokeAction(Object(CakeRequest))
#11 C:\xampp\htdocs\Cake\lib\Cake\Routing\Dispatcher.php(85): Dispatcher->_invoke(Object(TiposListasController), Object(CakeRequest), Object(CakeResponse))
#12 C:\xampp\htdocs\listaprecios\webroot\index.php(98): Dispatcher->dispatch(Object(CakeRequest), Object(CakeResponse))
#13 {main}
2012-03-11 15:21:05 Error: [PDOException] SQLSTATE[42S22]: Column not found: 1054 Unknown column 'TiposClientesTiposLista.tipos_lista_id' in 'on clause'
#0 C:\xampp\htdocs\Cake\lib\Cake\Model\Datasource\DboSource.php(436): PDOStatement->execute(Array)
#1 C:\xampp\htdocs\Cake\lib\Cake\Model\Datasource\DboSource.php(403): DboSource->_execute('SELECT `TiposCl...', Array)
#2 C:\xampp\htdocs\Cake\lib\Cake\Model\Datasource\DboSource.php(646): DboSource->execute('SELECT `TiposCl...', Array, Array)
#3 C:\xampp\htdocs\Cake\lib\Cake\Model\Datasource\DboSource.php(1218): DboSource->fetchAll('SELECT `TiposCl...', false)
#4 C:\xampp\htdocs\Cake\lib\Cake\Model\Datasource\DboSource.php(1086): DboSource->queryAssociation(Object(TiposLista), Object(TiposCliente), 'hasAndBelongsTo...', 'TiposCliente', Array, Array, true, Array, 0, Array)
#5 C:\xampp\htdocs\Cake\lib\Cake\Model\Model.php(2635): DboSource->read(Object(TiposLista), Array)
#6 C:\xampp\htdocs\Cake\lib\Cake\Model\Model.php(1491): Model->find('first', Array)
#7 C:\xampp\htdocs\listaprecios\Controller\TiposListasController.php(32): Model->read(NULL, '1')
#8 [internal function]: TiposListasController->view('1')
#9 C:\xampp\htdocs\Cake\lib\Cake\Controller\Controller.php(488): ReflectionMethod->invokeArgs(Object(TiposListasController), Array)
#10 C:\xampp\htdocs\Cake\lib\Cake\Routing\Dispatcher.php(103): Controller->invokeAction(Object(CakeRequest))
#11 C:\xampp\htdocs\Cake\lib\Cake\Routing\Dispatcher.php(85): Dispatcher->_invoke(Object(TiposListasController), Object(CakeRequest), Object(CakeResponse))
#12 C:\xampp\htdocs\listaprecios\webroot\index.php(98): Dispatcher->dispatch(Object(CakeRequest), Object(CakeResponse))
#13 {main}
2012-03-12 00:25:05 Error: [MissingControllerException] Controller class TiposClientesController could not be found.
#0 C:\xampp\htdocs\listaprecios\webroot\index.php(98): Dispatcher->dispatch(Object(CakeRequest), Object(CakeResponse))
#1 {main}
2012-03-12 00:29:30 Error: [MissingControllerException] Controller class TiposClientesController could not be found.
#0 C:\xampp\htdocs\listaprecios\webroot\index.php(98): Dispatcher->dispatch(Object(CakeRequest), Object(CakeResponse))
#1 {main}
2012-03-12 00:42:20 Error: [MissingControllerException] Controller class TiposClientesController could not be found.
#0 C:\xampp\htdocs\listaprecios\webroot\index.php(98): Dispatcher->dispatch(Object(CakeRequest), Object(CakeResponse))
#1 {main}
2012-03-12 00:42:23 Error: [MissingControllerException] Controller class TiposClientesController could not be found.
#0 C:\xampp\htdocs\listaprecios\webroot\index.php(98): Dispatcher->dispatch(Object(CakeRequest), Object(CakeResponse))
#1 {main}
2012-03-12 01:01:58 Error: [MissingControllerException] Controller class XpfUsersController could not be found.
#0 C:\xampp\htdocs\listaprecios\webroot\index.php(98): Dispatcher->dispatch(Object(CakeRequest), Object(CakeResponse))
#1 {main}
2012-03-12 01:03:53 Error: [MissingControllerException] Controller class XpfUsersController could not be found.
#0 C:\xampp\htdocs\listaprecios\webroot\index.php(98): Dispatcher->dispatch(Object(CakeRequest), Object(CakeResponse))
#1 {main}
2012-03-12 01:03:56 Error: [MissingControllerException] Controller class XpfUsersController could not be found.
#0 C:\xampp\htdocs\listaprecios\webroot\index.php(98): Dispatcher->dispatch(Object(CakeRequest), Object(CakeResponse))
#1 {main}
2012-03-12 01:29:13 Error: [MissingActionException] Action ClientesController::Editar() could not be found.
#0 C:\xampp\htdocs\Cake\lib\Cake\Routing\Dispatcher.php(103): Controller->invokeAction(Object(CakeRequest))
#1 C:\xampp\htdocs\Cake\lib\Cake\Routing\Dispatcher.php(85): Dispatcher->_invoke(Object(ClientesController), Object(CakeRequest), Object(CakeResponse))
#2 C:\xampp\htdocs\listaprecios\webroot\index.php(98): Dispatcher->dispatch(Object(CakeRequest), Object(CakeResponse))
#3 {main}
2012-03-12 01:29:38 Error: [MissingControllerException] Controller class XpfUsersController could not be found.
#0 C:\xampp\htdocs\listaprecios\webroot\index.php(98): Dispatcher->dispatch(Object(CakeRequest), Object(CakeResponse))
#1 {main}
2012-03-12 01:38:41 Error: [MissingActionException] Action ClientesController::Editar() could not be found.
#0 C:\xampp\htdocs\Cake\lib\Cake\Routing\Dispatcher.php(103): Controller->invokeAction(Object(CakeRequest))
#1 C:\xampp\htdocs\Cake\lib\Cake\Routing\Dispatcher.php(85): Dispatcher->_invoke(Object(ClientesController), Object(CakeRequest), Object(CakeResponse))
#2 C:\xampp\htdocs\listaprecios\webroot\index.php(98): Dispatcher->dispatch(Object(CakeRequest), Object(CakeResponse))
#3 {main}
2012-03-12 01:39:13 Error: [MissingActionException] Action ClientesController::Editar() could not be found.
#0 C:\xampp\htdocs\Cake\lib\Cake\Routing\Dispatcher.php(103): Controller->invokeAction(Object(CakeRequest))
#1 C:\xampp\htdocs\Cake\lib\Cake\Routing\Dispatcher.php(85): Dispatcher->_invoke(Object(ClientesController), Object(CakeRequest), Object(CakeResponse))
#2 C:\xampp\htdocs\listaprecios\webroot\index.php(98): Dispatcher->dispatch(Object(CakeRequest), Object(CakeResponse))
#3 {main}
2012-03-12 01:39:20 Error: [MissingActionException] Action ClientesController::Ver() could not be found.
#0 C:\xampp\htdocs\Cake\lib\Cake\Routing\Dispatcher.php(103): Controller->invokeAction(Object(CakeRequest))
#1 C:\xampp\htdocs\Cake\lib\Cake\Routing\Dispatcher.php(85): Dispatcher->_invoke(Object(ClientesController), Object(CakeRequest), Object(CakeResponse))
#2 C:\xampp\htdocs\listaprecios\webroot\index.php(98): Dispatcher->dispatch(Object(CakeRequest), Object(CakeResponse))
#3 {main}
2012-03-12 01:39:25 Error: [MissingActionException] Action ClientesController::Editar() could not be found.
#0 C:\xampp\htdocs\Cake\lib\Cake\Routing\Dispatcher.php(103): Controller->invokeAction(Object(CakeRequest))
#1 C:\xampp\htdocs\Cake\lib\Cake\Routing\Dispatcher.php(85): Dispatcher->_invoke(Object(ClientesController), Object(CakeRequest), Object(CakeResponse))
#2 C:\xampp\htdocs\listaprecios\webroot\index.php(98): Dispatcher->dispatch(Object(CakeRequest), Object(CakeResponse))
#3 {main}
2012-03-12 01:39:44 Error: [MissingActionException] Action ClientesController::Editar() could not be found.
#0 C:\xampp\htdocs\Cake\lib\Cake\Routing\Dispatcher.php(103): Controller->invokeAction(Object(CakeRequest))
#1 C:\xampp\htdocs\Cake\lib\Cake\Routing\Dispatcher.php(85): Dispatcher->_invoke(Object(ClientesController), Object(CakeRequest), Object(CakeResponse))
#2 C:\xampp\htdocs\listaprecios\webroot\index.php(98): Dispatcher->dispatch(Object(CakeRequest), Object(CakeResponse))
#3 {main}
2012-03-12 02:26:14 Error: [PDOException] SQLSTATE[42S22]: Column not found: 1054 Unknown column 'TiposCliente.id' in 'field list'
#0 C:\xampp\htdocs\Cake\lib\Cake\Model\Datasource\DboSource.php(436): PDOStatement->execute(Array)
#1 C:\xampp\htdocs\Cake\lib\Cake\Model\Datasource\DboSource.php(403): DboSource->_execute('SELECT `TiposCl...', Array)
#2 C:\xampp\htdocs\Cake\lib\Cake\Model\Datasource\DboSource.php(646): DboSource->execute('SELECT `TiposCl...', Array, Array)
#3 C:\xampp\htdocs\Cake\lib\Cake\Model\Datasource\DboSource.php(1057): DboSource->fetchAll('SELECT `TiposCl...', false)
#4 C:\xampp\htdocs\Cake\lib\Cake\Model\Model.php(2635): DboSource->read(Object(AppModel), Array)
#5 C:\xampp\htdocs\listaprecios\Controller\ClientesController.php(80): Model->find('list', Array)
#6 [internal function]: ClientesController->edit('1')
#7 C:\xampp\htdocs\Cake\lib\Cake\Controller\Controller.php(488): ReflectionMethod->invokeArgs(Object(ClientesController), Array)
#8 C:\xampp\htdocs\Cake\lib\Cake\Routing\Dispatcher.php(103): Controller->invokeAction(Object(CakeRequest))
#9 C:\xampp\htdocs\Cake\lib\Cake\Routing\Dispatcher.php(85): Dispatcher->_invoke(Object(ClientesController), Object(CakeRequest), Object(CakeResponse))
#10 C:\xampp\htdocs\listaprecios\webroot\index.php(98): Dispatcher->dispatch(Object(CakeRequest), Object(CakeResponse))
#11 {main}
2012-03-12 05:17:44 Error: [MissingControllerException] Controller class TiposListasController could not be found.
#0 C:\xampp\htdocs\listaprecios\webroot\index.php(98): Dispatcher->dispatch(Object(CakeRequest), Object(CakeResponse))
#1 {main}
2012-03-12 14:18:17 Error: [PDOException] SQLSTATE[42S22]: Column not found: 1054 Unknown column 'TiposListas.id' in 'field list'
#0 C:\xampp\htdocs\Cake\lib\Cake\Model\Datasource\DboSource.php(436): PDOStatement->execute(Array)
#1 C:\xampp\htdocs\Cake\lib\Cake\Model\Datasource\DboSource.php(403): DboSource->_execute('SELECT `TiposLi...', Array)
#2 C:\xampp\htdocs\Cake\lib\Cake\Model\Datasource\DboSource.php(646): DboSource->execute('SELECT `TiposLi...', Array, Array)
#3 C:\xampp\htdocs\Cake\lib\Cake\Model\Datasource\DboSource.php(1057): DboSource->fetchAll('SELECT `TiposLi...', false)
#4 C:\xampp\htdocs\Cake\lib\Cake\Model\Model.php(2635): DboSource->read(Object(TiposLista), Array)
#5 C:\xampp\htdocs\listaprecios\Controller\TiposClientesController.php(75): Model->find('list', Array)
#6 [internal function]: TiposClientesController->edit('1')
#7 C:\xampp\htdocs\Cake\lib\Cake\Controller\Controller.php(488): ReflectionMethod->invokeArgs(Object(TiposClientesController), Array)
#8 C:\xampp\htdocs\Cake\lib\Cake\Routing\Dispatcher.php(103): Controller->invokeAction(Object(CakeRequest))
#9 C:\xampp\htdocs\Cake\lib\Cake\Routing\Dispatcher.php(85): Dispatcher->_invoke(Object(TiposClientesController), Object(CakeRequest), Object(CakeResponse))
#10 C:\xampp\htdocs\listaprecios\webroot\index.php(98): Dispatcher->dispatch(Object(CakeRequest), Object(CakeResponse))
#11 {main}
2012-03-12 14:27:55 Error: [PDOException] SQLSTATE[42S22]: Column not found: 1054 Unknown column 'TiposClientesTiposLista.nombre_archivo' in 'field list'
#0 C:\xampp\htdocs\Cake\lib\Cake\Model\Datasource\DboSource.php(436): PDOStatement->execute(Array)
#1 C:\xampp\htdocs\Cake\lib\Cake\Model\Datasource\DboSource.php(403): DboSource->_execute('SELECT `TiposLi...', Array)
#2 C:\xampp\htdocs\Cake\lib\Cake\Model\Datasource\DboSource.php(646): DboSource->execute('SELECT `TiposLi...', Array, Array)
#3 C:\xampp\htdocs\Cake\lib\Cake\Model\Datasource\DboSource.php(1057): DboSource->fetchAll('SELECT `TiposLi...', false)
#4 C:\xampp\htdocs\Cake\lib\Cake\Model\Model.php(2635): DboSource->read(Object(TiposLista), Array)
#5 C:\xampp\htdocs\listaprecios\Controller\TiposClientesController.php(75): Model->find('list', Array)
#6 [internal function]: TiposClientesController->edit('1')
#7 C:\xampp\htdocs\Cake\lib\Cake\Controller\Controller.php(488): ReflectionMethod->invokeArgs(Object(TiposClientesController), Array)
#8 C:\xampp\htdocs\Cake\lib\Cake\Routing\Dispatcher.php(103): Controller->invokeAction(Object(CakeRequest))
#9 C:\xampp\htdocs\Cake\lib\Cake\Routing\Dispatcher.php(85): Dispatcher->_invoke(Object(TiposClientesController), Object(CakeRequest), Object(CakeResponse))
#10 C:\xampp\htdocs\listaprecios\webroot\index.php(98): Dispatcher->dispatch(Object(CakeRequest), Object(CakeResponse))
#11 {main}
2012-03-13 02:29:45 Error: [MissingActionException] Action ClientesController::url() could not be found.
#0 C:\xampp\htdocs\Cake\lib\Cake\Routing\Dispatcher.php(103): Controller->invokeAction(Object(CakeRequest))
#1 C:\xampp\htdocs\Cake\lib\Cake\Routing\Dispatcher.php(85): Dispatcher->_invoke(Object(ClientesController), Object(CakeRequest), Object(CakeResponse))
#2 C:\xampp\htdocs\listaprecios\webroot\index.php(98): Dispatcher->dispatch(Object(CakeRequest), Object(CakeResponse))
#3 {main}
2012-03-13 02:33:21 Error: [MissingActionException] Action ClientesController::url() could not be found.
#0 C:\xampp\htdocs\Cake\lib\Cake\Routing\Dispatcher.php(103): Controller->invokeAction(Object(CakeRequest))
#1 C:\xampp\htdocs\Cake\lib\Cake\Routing\Dispatcher.php(85): Dispatcher->_invoke(Object(ClientesController), Object(CakeRequest), Object(CakeResponse))
#2 C:\xampp\htdocs\listaprecios\webroot\index.php(98): Dispatcher->dispatch(Object(CakeRequest), Object(CakeResponse))
#3 {main}
2012-03-13 20:53:43 Error: [MissingControllerException] Controller class TipoClientesController could not be found.
#0 C:\xampp\htdocs\listaprecios\webroot\index.php(98): Dispatcher->dispatch(Object(CakeRequest), Object(CakeResponse))
#1 {main}
2012-03-13 20:53:50 Error: [MissingControllerException] Controller class TipoClienteController could not be found.
#0 C:\xampp\htdocs\listaprecios\webroot\index.php(98): Dispatcher->dispatch(Object(CakeRequest), Object(CakeResponse))
#1 {main}
